Started GET "/" for ::1 at 2023-07-12 15:38:02 +0200
Processing by Rails::WelcomeController#index as HTML
  Rendering /var/lib/gems/3.0.0/gems/railties-7.0.6/lib/rails/templates/rails/welcome/index.html.erb
  Rendered /var/lib/gems/3.0.0/gems/railties-7.0.6/lib/rails/templates/rails/welcome/index.html.erb (Duration: 3.7ms | Allocations: 930)
Completed 200 OK in 77ms (Views: 13.3ms | ActiveRecord: 0.0ms | Allocations: 10678)


  [1m[35m (28.4ms)[0m  [1m[34mSELECT pg_try_advisory_lock(3369180297042482685)[0m
  [1m[36mActiveRecord::SchemaMigration Pluck (1.1ms)[0m  [1m[34mSELECT "schema_migrations"."version" FROM "schema_migrations" ORDER BY "schema_migrations"."version" ASC[0m
  [1m[36mActiveRecord::InternalMetadata Load (63.7ms)[0m  [1m[34mSELECT "ar_internal_metadata".* FROM "ar_internal_metadata" WHERE "ar_internal_metadata"."key" = $1 LIMIT $2[0m  [["key", "environment"], ["LIMIT", 1]]
  [1m[35m (0.6ms)[0m  [1m[34mSELECT pg_advisory_unlock(3369180297042482685)[0m
  [1m[36mActiveRecord::SchemaMigration Pluck (0.9ms)[0m  [1m[34mSELECT "schema_migrations"."version" FROM "schema_migrations" ORDER BY "schema_migrations"."version" ASC[0m
Started GET "/" for ::1 at 2023-07-12 15:51:51 +0200
  [1m[36mActiveRecord::SchemaMigration Pluck (0.8ms)[0m  [1m[34mSELECT "schema_migrations"."version" FROM "schema_migrations" ORDER BY "schema_migrations"."version" ASC[0m
Processing by GreetingsController#index as HTML
  [1m[36mGreeting Load (1.7ms)[0m  [1m[34mSELECT "greetings".* FROM "greetings" ORDER BY RANDOM() LIMIT $1[0m  [["LIMIT", 1]]
  ↳ app/controllers/greetings_controller.rb:3:in `index'
Completed 200 OK in 71ms (Views: 1.0ms | ActiveRecord: 8.9ms | Allocations: 20355)


Started GET "/" for ::1 at 2023-07-12 15:51:54 +0200
Processing by GreetingsController#index as HTML
  [1m[36mGreeting Load (0.8ms)[0m  [1m[34mSELECT "greetings".* FROM "greetings" ORDER BY RANDOM() LIMIT $1[0m  [["LIMIT", 1]]
  ↳ app/controllers/greetings_controller.rb:3:in `index'
Completed 200 OK in 5ms (Views: 0.8ms | ActiveRecord: 0.8ms | Allocations: 941)


Started GET "/" for ::1 at 2023-07-12 15:51:55 +0200
Processing by GreetingsController#index as HTML
  [1m[36mGreeting Load (0.7ms)[0m  [1m[34mSELECT "greetings".* FROM "greetings" ORDER BY RANDOM() LIMIT $1[0m  [["LIMIT", 1]]
  ↳ app/controllers/greetings_controller.rb:3:in `index'
Completed 200 OK in 6ms (Views: 1.0ms | ActiveRecord: 0.7ms | Allocations: 759)


Started GET "/" for ::1 at 2023-07-12 15:51:56 +0200
Processing by GreetingsController#index as HTML
  [1m[36mGreeting Load (0.8ms)[0m  [1m[34mSELECT "greetings".* FROM "greetings" ORDER BY RANDOM() LIMIT $1[0m  [["LIMIT", 1]]
  ↳ app/controllers/greetings_controller.rb:3:in `index'
Completed 200 OK in 5ms (Views: 1.0ms | ActiveRecord: 0.8ms | Allocations: 759)


Started GET "/" for ::1 at 2023-07-12 15:51:56 +0200
Processing by GreetingsController#index as HTML
  [1m[36mGreeting Load (0.7ms)[0m  [1m[34mSELECT "greetings".* FROM "greetings" ORDER BY RANDOM() LIMIT $1[0m  [["LIMIT", 1]]
  ↳ app/controllers/greetings_controller.rb:3:in `index'
Completed 200 OK in 5ms (Views: 0.8ms | ActiveRecord: 0.7ms | Allocations: 759)


Started GET "/" for ::1 at 2023-07-12 15:51:57 +0200
Processing by GreetingsController#index as HTML
  [1m[36mGreeting Load (0.8ms)[0m  [1m[34mSELECT "greetings".* FROM "greetings" ORDER BY RANDOM() LIMIT $1[0m  [["LIMIT", 1]]
  ↳ app/controllers/greetings_controller.rb:3:in `index'
Completed 200 OK in 6ms (Views: 0.8ms | ActiveRecord: 0.8ms | Allocations: 744)


Started GET "/" for ::1 at 2023-07-12 15:51:57 +0200
Processing by GreetingsController#index as HTML
  [1m[36mGreeting Load (0.7ms)[0m  [1m[34mSELECT "greetings".* FROM "greetings" ORDER BY RANDOM() LIMIT $1[0m  [["LIMIT", 1]]
  ↳ app/controllers/greetings_controller.rb:3:in `index'
Completed 200 OK in 5ms (Views: 0.8ms | ActiveRecord: 0.7ms | Allocations: 744)


